{"level":"info","message":"START: User controller started","timestamp":"2024-07-26T14:46:40.743Z"}
{"level":"info","message":"START: User controller started","timestamp":"2024-07-26T14:47:54.543Z"}
{"level":"info","message":"START: User controller started","timestamp":"2024-07-27T06:12:08.198Z"}
{"level":"info","message":"Error while retrieving users","timestamp":"2024-07-27T06:12:08.242Z"}
{"level":"info","message":"START: User controller started","timestamp":"2024-07-27T06:12:35.547Z"}
{"level":"info","message":"Users retrieved from database","timestamp":"2024-07-27T06:12:35.587Z"}
{"level":"info","message":"START: User controller: readUsers started","timestamp":"2024-07-27T06:55:19.308Z"}
{"level":"error","message":"Error while retrieving user","timestamp":"2024-07-27T06:55:19.357Z"}
{"level":"info","message":"START: User controller: readUsers started","timestamp":"2024-07-27T06:56:09.225Z"}
{"level":"error","message":"Error while retrieving user","timestamp":"2024-07-27T06:56:09.267Z"}
{"level":"info","message":"START: User controller: readUsers started","timestamp":"2024-07-27T06:56:51.975Z"}
{"level":"error","message":"Error while retrieving user","timestamp":"2024-07-27T06:56:52.017Z"}
{"level":"info","message":"START: User controller: readUsers started","timestamp":"2024-07-27T06:57:41.625Z"}
{"level":"error","message":"Error while retrieving user","timestamp":"2024-07-27T06:57:41.667Z"}
{"level":"info","message":"START: User controller: readUsers started","timestamp":"2024-07-27T06:58:01.662Z"}
{"level":"error","message":"Error while retrieving user","timestamp":"2024-07-27T06:58:01.703Z"}
{"level":"info","message":"START: User controller: readUsers started","timestamp":"2024-07-27T06:58:14.519Z"}
{"level":"error","message":"Error while retrieving user","timestamp":"2024-07-27T06:58:14.653Z"}
{"level":"info","message":"START: User controller: readUsers started","timestamp":"2024-07-27T06:58:42.440Z"}
{"level":"error","message":"Error while retrieving user","timestamp":"2024-07-27T06:58:42.597Z"}
{"level":"info","message":"START: User controller: readUsers started","timestamp":"2024-07-27T07:00:00.140Z"}
{"level":"info","message":"User retrieved from database","timestamp":"2024-07-27T07:00:00.190Z"}
{"level":"info","message":"START: User controller: readUsers started","timestamp":"2024-07-27T07:00:19.213Z"}
{"level":"info","message":"User retrieved from database","timestamp":"2024-07-27T07:00:19.253Z"}
